========================================
ALU Testbench Simulation Start
========================================
[TEST 1] ADD: a=0x0 b=0x0 | expect=0x0 got=0x0 | PASS
[TEST 2] ADD: a=0x5 b=0x3 | expect=0x8 got=0x8 | PASS
[TEST 3] ADD: a=0x64 b=0xc8 | expect=0x12c got=0x12c | PASS
[TEST 4] SUB: a=0x5 b=0x3 | expect=0x2 got=0x2 | PASS
[TEST 5] SUB: a=0x3 b=0x5 | expect=0xfffffffe got=0xfffffffe | PASS
[TEST 6] SUB: a=0x0 b=0x0 | expect=0x0 got=0x0 | PASS
[TEST 7] SUB: a=0xa b=0xa | expect=0x0 got=0x0 | PASS
[TEST 8] AND: a=0xff b=0xf | expect=0xf got=0xf | PASS
[TEST 9] AND: a=0xffffffff b=0xffffffff | expect=0xffffffff got=0xffffffff | PASS
[TEST 10] AND: a=0xaaaaaaaa b=0x55555555 | expect=0x0 got=0x0 | PASS
[TEST 11] OR: a=0xf0 b=0xf | expect=0xff got=0xff | PASS
[TEST 12] OR: a=0x0 b=0x0 | expect=0x0 got=0x0 | PASS
[TEST 13] OR: a=0xaaaaaaaa b=0x55555555 | expect=0xffffffff got=0xffffffff | PASS
[TEST 14] XOR: a=0xff b=0xf | expect=0xf0 got=0xf0 | PASS
[TEST 15] XOR: a=0xaaaaaaaa b=0xaaaaaaaa | expect=0x0 got=0x0 | PASS
[TEST 16] XOR: a=0xff b=0xff | expect=0x0 got=0x0 | PASS
[TEST 17] SLT: a=0x5 b=0x3 | expect=0x0 got=0x0 | PASS
[TEST 18] SLT: a=0x3 b=0x5 | expect=0x1 got=0x1 | PASS
[TEST 19] SLT: a=0xffffffff b=0x0 | expect=0x1 got=0x1 | PASS
[TEST 20] SLT: a=0x0 b=0x0 | expect=0x0 got=0x0 | PASS
========================================
RESULT: PASSED 20/20 tests
========================================
